SF:lib\main.dart
DA:9,0
DA:13,1
DA:15,1
DA:16,1
LF:4
LH:3
end_of_record
SF:lib\sign_in.dart
DA:10,1
DA:12,1
DA:13,1
DA:27,1
DA:29,1
DA:30,1
DA:31,1
DA:32,1
DA:33,1
DA:34,1
DA:35,1
DA:36,1
DA:37,1
DA:38,1
DA:41,1
DA:42,1
DA:43,1
DA:46,1
DA:47,1
DA:49,1
DA:50,1
DA:51,1
DA:52,1
DA:56,1
DA:57,1
DA:59,1
DA:60,1
DA:62,1
DA:63,1
DA:64,3
DA:65,3
DA:66,3
DA:68,3
DA:69,4
DA:71,0
DA:72,0
DA:73,0
DA:79,2
DA:85,1
DA:86,1
DA:87,1
DA:88,1
DA:90,1
DA:93,1
DA:95,1
DA:96,1
DA:98,1
DA:99,0
DA:101,2
DA:107,1
DA:108,1
DA:114,1
DA:115,0
DA:116,1
DA:117,1
DA:118,1
DA:120,1
DA:125,1
DA:126,1
DA:128,1
DA:129,1
DA:130,1
DA:131,1
DA:135,1
DA:136,2
DA:137,1
DA:139,1
DA:140,1
DA:143,1
DA:149,1
LF:70
LH:65
end_of_record
SF:lib\auth_service.dart
DA:5,3
DA:7,1
DA:9,3
DA:12,0
DA:18,1
DA:20,3
DA:22,0
DA:25,0
DA:31,0
DA:34,0
DA:36,0
DA:38,0
DA:39,0
DA:40,0
DA:41,0
DA:42,0
DA:49,0
DA:55,0
DA:57,0
DA:59,0
LF:20
LH:5
end_of_record
SF:lib\authenticate.dart
DA:6,1
DA:7,1
DA:13,0
DA:14,0
DA:17,1
DA:19,1
DA:20,2
DA:22,0
LF:8
LH:5
end_of_record
SF:lib\register.dart
DA:11,0
DA:13,0
DA:14,0
DA:29,0
DA:31,0
DA:32,0
DA:33,0
DA:34,0
DA:35,0
DA:36,0
DA:37,0
DA:38,0
DA:41,0
DA:42,0
DA:43,0
DA:44,0
DA:45,0
DA:54,0
DA:55,0
DA:58,0
DA:62,0
DA:63,0
DA:66,0
DA:70,0
DA:76,0
DA:77,0
DA:78,0
DA:79,0
DA:80,0
DA:81,0
DA:82,0
DA:83,0
DA:84,0
DA:85,0
DA:86,0
DA:89,0
DA:90,0
DA:91,0
DA:94,0
DA:96,0
DA:97,0
DA:98,0
DA:99,0
DA:100,0
DA:101,0
DA:105,0
DA:107,0
DA:112,0
DA:114,0
DA:115,0
DA:117,0
DA:118,0
DA:119,0
DA:123,0
DA:125,0
DA:126,0
DA:127,0
DA:128,0
DA:129,0
DA:131,0
DA:132,0
DA:133,0
DA:134,0
DA:135,0
DA:138,0
DA:139,0
DA:140,0
DA:146,0
DA:152,0
DA:153,0
DA:155,0
DA:156,0
DA:157,0
DA:158,0
DA:168,0
DA:169,0
DA:170,0
DA:171,0
DA:172,0
DA:174,0
DA:179,0
DA:180,0
DA:182,0
DA:183,0
DA:184,0
DA:185,0
DA:189,0
DA:190,0
DA:191,0
DA:193,0
DA:194,0
DA:197,0
DA:203,0
LF:93
LH:0
end_of_record
SF:lib\commons.dart
DA:9,1
DA:10,1
DA:11,1
DA:12,1
DA:13,2
DA:15,1
DA:20,1
DA:22,1
DA:23,1
DA:26,1
DA:31,1
DA:32,1
DA:33,1
DA:34,2
DA:37,1
DA:39,1
DA:40,1
DA:43,1
DA:49,0
DA:51,0
DA:55,0
DA:58,0
DA:60,0
DA:61,0
DA:64,0
DA:69,0
DA:71,0
DA:75,0
DA:78,0
DA:80,0
DA:81,0
DA:83,0
DA:87,0
DA:89,0
DA:93,0
DA:96,0
DA:98,0
DA:99,0
DA:102,0
DA:107,0
DA:109,0
DA:113,0
DA:116,0
DA:118,0
DA:119,0
DA:122,0
DA:127,0
DA:129,0
DA:132,0
DA:133,0
DA:136,0
DA:139,0
DA:141,0
DA:142,0
DA:144,0
DA:148,0
DA:149,0
DA:151,0
DA:155,0
DA:164,0
DA:166,0
DA:168,0
DA:169,0
DA:170,0
DA:171,0
DA:175,0
DA:179,0
DA:183,0
DA:184,0
DA:185,0
DA:186,0
DA:187,0
DA:191,0
DA:195,0
DA:196,0
DA:197,0
DA:198,0
DA:202,0
DA:208,0
DA:209,0
DA:210,0
DA:211,0
DA:213,0
DA:215,0
DA:216,0
DA:217,0
DA:218,0
DA:220,0
DA:221,0
DA:222,0
DA:224,0
DA:225,0
DA:228,0
DA:229,0
DA:230,0
DA:231,0
DA:232,0
DA:236,0
DA:243,0
DA:244,0
DA:245,0
DA:249,0
DA:251,0
DA:252,0
DA:256,0
DA:259,0
DA:263,0
DA:264,0
DA:267,0
DA:268,0
DA:269,0
DA:271,0
DA:274,0
DA:277,0
DA:279,0
DA:280,0
DA:282,0
LF:117
LH:18
end_of_record
SF:lib\model\review.dart
DA:11,0
DA:13,0
DA:14,0
DA:15,0
DA:16,0
DA:18,0
DA:19,0
DA:20,0
DA:21,0
LF:9
LH:0
end_of_record
SF:lib\dish_detail_screen.dart
DA:10,0
DA:12,0
DA:14,0
DA:15,0
DA:17,0
DA:18,0
DA:19,0
DA:21,0
DA:22,0
DA:23,0
DA:24,0
DA:25,0
DA:26,0
DA:27,0
DA:29,0
DA:30,0
DA:32,0
DA:33,0
DA:34,0
DA:35,0
DA:36,0
DA:37,0
DA:40,0
DA:42,0
DA:44,0
DA:46,0
DA:48,0
DA:51,0
DA:63,0
DA:64,0
DA:65,0
DA:66,0
DA:67,0
LF:33
LH:0
end_of_record
SF:lib\home_business.dart
DA:15,0
DA:17,0
DA:19,0
DA:29,0
DA:30,0
DA:31,0
DA:32,0
DA:33,0
DA:36,0
DA:43,0
DA:44,0
DA:45,0
DA:47,0
DA:50,0
DA:57,0
DA:58,0
DA:60,0
DA:61,0
DA:62,0
DA:64,0
DA:65,0
DA:66,0
DA:67,0
DA:68,0
DA:69,0
DA:70,0
DA:72,0
DA:73,0
DA:74,0
DA:75,0
DA:76,0
DA:77,0
DA:78,0
DA:79,0
DA:80,0
DA:83,0
DA:85,0
DA:87,0
DA:89,0
DA:92,0
DA:99,0
DA:101,0
DA:102,0
DA:103,0
DA:104,0
DA:105,0
DA:106,0
DA:107,0
DA:108,0
DA:109,0
DA:110,0
DA:112,0
DA:115,0
DA:116,0
DA:117,0
DA:118,0
DA:119,0
DA:120,0
DA:122,0
DA:123,0
DA:127,0
DA:130,0
DA:131,0
DA:132,0
DA:133,0
DA:142,0
DA:144,0
DA:145,0
DA:146,0
DA:147,0
DA:148,0
DA:149,0
DA:150,0
DA:151,0
DA:160,0
DA:161,0
DA:162,0
DA:163,0
DA:164,0
DA:166,0
DA:167,0
DA:168,0
DA:171,0
DA:173,0
DA:174,0
DA:175,0
DA:176,0
DA:178,0
DA:182,0
DA:183,0
DA:184,0
DA:185,0
DA:186,0
DA:187,0
DA:188,0
DA:189,0
DA:190,0
DA:191,0
DA:192,0
DA:193,0
DA:196,0
DA:197,0
DA:198,0
DA:199,0
DA:200,0
DA:201,0
DA:202,0
DA:206,0
DA:210,0
DA:211,0
DA:212,0
DA:214,0
DA:215,0
DA:216,0
DA:217,0
DA:220,0
DA:223,0
DA:226,0
DA:234,0
DA:235,0
DA:236,0
DA:237,0
DA:238,0
LF:123
LH:0
end_of_record
SF:lib\insert_dish.dart
DA:17,0
DA:19,0
DA:21,0
DA:30,0
DA:31,0
DA:32,0
DA:35,0
DA:38,0
DA:39,0
DA:44,0
DA:48,0
DA:50,0
DA:51,0
DA:52,0
DA:53,0
DA:54,0
DA:56,0
DA:57,0
DA:66,0
DA:68,0
DA:69,0
DA:70,0
DA:71,0
DA:72,0
DA:73,0
DA:74,0
DA:76,0
DA:77,0
DA:80,0
DA:82,0
DA:83,0
DA:86,0
DA:87,0
DA:89,0
DA:90,0
DA:92,0
DA:93,0
DA:95,0
DA:96,0
DA:97,0
DA:99,0
DA:100,0
DA:103,0
DA:104,0
DA:105,0
DA:106,0
DA:107,0
DA:110,0
DA:117,0
DA:119,0
DA:121,0
DA:122,0
DA:123,0
DA:124,0
DA:125,0
DA:126,0
DA:127,0
DA:128,0
DA:129,0
DA:130,0
DA:131,0
DA:132,0
DA:133,0
LF:63
LH:0
end_of_record
SF:lib\model\custom_user.dart
DA:6,0
LF:1
LH:0
end_of_record
SF:lib\reviews_screen_fixed.dart
DA:8,0
DA:10,0
DA:12,0
DA:13,0
DA:14,0
DA:17,0
DA:18,0
DA:19,0
DA:22,0
LF:9
LH:0
end_of_record
SF:lib\update_dish.dart
DA:15,0
DA:17,0
DA:19,0
DA:28,0
DA:30,0
DA:31,0
DA:32,0
DA:33,0
DA:34,0
DA:36,0
DA:37,0
DA:38,0
DA:39,0
DA:40,0
DA:42,0
DA:43,0
DA:52,0
DA:54,0
DA:55,0
DA:56,0
DA:57,0
DA:58,0
DA:59,0
DA:60,0
DA:61,0
DA:62,0
DA:63,0
DA:66,0
DA:67,0
DA:68,0
DA:69,0
DA:72,0
DA:73,0
DA:75,0
DA:76,0
DA:78,0
DA:79,0
DA:81,0
DA:82,0
DA:83,0
DA:85,0
DA:86,0
DA:89,0
DA:90,0
DA:91,0
DA:92,0
DA:93,0
DA:96,0
DA:103,0
DA:104,0
DA:105,0
DA:106,0
DA:107,0
DA:108,0
DA:109,0
DA:110,0
DA:111,0
DA:112,0
LF:58
LH:0
end_of_record
SF:lib\home_customer.dart
DA:16,0
DA:18,0
DA:20,0
DA:28,0
DA:29,0
DA:31,0
DA:32,0
DA:33,0
DA:35,0
DA:36,0
DA:37,0
DA:38,0
DA:39,0
DA:40,0
DA:41,0
DA:43,0
DA:44,0
DA:45,0
DA:46,0
DA:47,0
DA:48,0
DA:49,0
DA:50,0
DA:51,0
DA:54,0
DA:56,0
DA:58,0
DA:60,0
DA:62,0
DA:65,0
DA:73,0
DA:75,0
DA:76,0
DA:77,0
DA:78,0
DA:79,0
DA:80,0
DA:81,0
DA:82,0
DA:83,0
DA:84,0
DA:87,0
DA:91,0
DA:92,0
DA:93,0
DA:94,0
DA:95,0
DA:96,0
DA:97,0
DA:98,0
DA:99,0
DA:100,0
DA:101,0
DA:102,0
DA:103,0
DA:106,0
DA:109,0
DA:110,0
DA:111,0
DA:113,0
DA:115,0
DA:116,0
DA:118,0
DA:119,0
DA:121,0
DA:134,0
DA:136,0
DA:137,0
DA:138,0
DA:139,0
DA:140,0
DA:141,0
DA:142,0
DA:151,0
DA:152,0
DA:153,0
DA:154,0
DA:155,0
DA:157,0
DA:161,0
DA:162,0
DA:163,0
DA:164,0
DA:165,0
DA:166,0
DA:167,0
DA:168,0
DA:169,0
DA:172,0
DA:174,0
DA:175,0
DA:176,0
DA:177,0
DA:178,0
DA:179,0
DA:183,0
DA:187,0
DA:188,0
DA:189,0
DA:191,0
DA:192,0
DA:193,0
DA:194,0
DA:197,0
DA:199,0
DA:200,0
DA:203,0
LF:107
LH:0
end_of_record
SF:lib\model\dish.dart
DA:14,0
LF:1
LH:0
end_of_record
SF:lib\reviews_screen_editable.dart
DA:14,0
DA:16,0
DA:17,0
DA:25,0
DA:27,0
DA:28,0
DA:30,0
DA:31,0
DA:32,0
DA:33,0
DA:34,0
DA:36,0
DA:37,0
DA:38,0
DA:43,0
DA:44,0
DA:45,0
DA:46,0
DA:47,0
DA:49,0
DA:50,0
DA:51,0
DA:56,0
DA:57,0
DA:58,0
DA:59,0
DA:60,0
DA:62,0
DA:63,0
DA:64,0
DA:69,0
DA:70,0
DA:71,0
DA:72,0
DA:73,0
DA:75,0
DA:76,0
DA:77,0
DA:82,0
DA:83,0
DA:84,0
DA:85,0
DA:86,0
DA:88,0
DA:89,0
DA:90,0
DA:95,0
DA:98,0
DA:99,0
DA:102,0
DA:103,0
DA:104,0
DA:107,0
DA:109,0
DA:110,0
DA:113,0
DA:118,0
DA:119,0
DA:120,0
DA:123,0
DA:124,0
DA:130,0
DA:133,0
DA:135,0
DA:136,0
DA:137,0
DA:138,0
DA:139,0
DA:140,0
DA:141,0
DA:142,0
DA:145,0
DA:146,0
DA:147,0
DA:148,0
DA:153,0
DA:154,0
DA:155,0
DA:156,0
DA:158,0
DA:159,0
DA:160,0
DA:161,0
DA:164,0
DA:165,0
DA:166,0
DA:168,0
DA:169,0
DA:170,0
DA:171,0
DA:174,0
DA:175,0
DA:178,0
DA:181,0
DA:182,0
DA:186,0
DA:187,0
DA:191,0
DA:197,0
DA:198,0
DA:199,0
DA:202,0
DA:203,0
DA:204,0
DA:207,0
DA:208,0
DA:209,0
DA:210,0
LF:108
LH:0
end_of_record
SF:lib\loading.dart
DA:5,0
DA:7,0
DA:8,0
DA:10,0
DA:15,0
DA:16,0
DA:18,0
DA:19,0
DA:20,0
DA:21,0
DA:25,0
DA:26,0
LF:12
LH:0
end_of_record
SF:lib\wrapper.dart
DA:13,1
DA:15,1
DA:16,2
DA:17,1
DA:18,1
DA:20,1
DA:22,1
DA:24,0
DA:25,0
DA:26,0
DA:27,0
DA:28,0
DA:29,0
DA:30,0
DA:31,0
DA:35,0
DA:36,0
DA:37,0
DA:38,0
DA:39,0
DA:41,0
DA:43,0
DA:46,0
DA:47,0
DA:49,0
DA:52,0
DA:53,0
DA:55,0
DA:58,1
LF:29
LH:8
end_of_record
